<?xml version="1.0" encoding="UTF-8"?>
<!-- Generated by org.testng.reporters.JUnitReportReporter -->
<testsuite hostname="Akhils-MBP" failures="0" tests="1" name="com.customerServiceTest.CustomerServiceBlogTest" time="1.911" errors="0" timestamp="2023-11-26T14:45:20 GMT" skipped="0">
  <testcase classname="com.customerServiceTest.CustomerServiceBlogTest" name="test" time="1.911"/>
  <system-out/>
</testsuite> <!-- com.customerServiceTest.CustomerServiceBlogTest -->
